{
  "RSpec": {
    "coverage": {
      "/Users/jbero/Projects/Week10/bank/spec/feature/user_can_deposit_and_withdraw_funds_spec.rb": [
        1,
        null,
        1,
        null,
        4,
        null,
        1,
        1,
        null,
        null,
        1,
        1,
        1,
        null,
        null,
        1,
        1,
        1,
        1,
        1,
        1,
        1,
        null,
        null,
        null
      ],
      "/Users/jbero/Projects/Week10/bank/lib/account.rb": [
        1,
        1,
        null,
        1,
        null,
        1,
        10,
        10,
        null,
        null,
        1,
        10,
        10,
        10,
        10,
        null,
        null,
        1,
        9,
        9,
        9,
        9,
        null,
        null,
        1,
        5,
        null,
        null,
        null
      ],
      "/Users/jbero/Projects/Week10/bank/lib/statement.rb": [
        1,
        null,
        1,
        14,
        null,
        null,
        1,
        9,
        22,
        9,
        null,
        null,
        1,
        25,
        null,
        null,
        1,
        null,
        1,
        13,
        8,
        null,
        5,
        null,
        null,
        null,
        null
      ],
      "/Users/jbero/Projects/Week10/bank/lib/transaction.rb": [
        1,
        null,
        1,
        null,
        1,
        19,
        19,
        19,
        19,
        null,
        null,
        null
      ],
      "/Users/jbero/Projects/Week10/bank/spec/feature/user_can_view_account_statement_spec.rb": [
        1,
        1,
        null,
        1,
        null,
        5,
        null,
        1,
        4,
        null,
        null,
        1,
        1,
        1,
        null,
        null,
        1,
        2,
        1,
        1,
        1,
        null,
        1,
        null,
        null,
        1,
        2,
        1,
        null,
        2,
        1,
        null,
        1,
        1,
        1,
        null,
        1,
        null,
        null,
        1,
        2,
        1,
        null,
        2,
        1,
        null,
        2,
        1,
        null,
        2,
        1,
        null,
        1,
        1,
        1,
        1,
        1,
        null,
        1,
        null,
        null,
        null
      ],
      "/Users/jbero/Projects/Week10/bank/spec/unit/account_spec.rb": [
        1,
        null,
        1,
        null,
        4,
        1,
        null,
        1,
        1,
        1,
        null,
        null,
        null,
        1,
        1,
        1,
        1,
        null,
        null,
        null,
        1,
        1,
        1,
        1,
        null,
        null,
        null,
        null
      ],
      "/Users/jbero/Projects/Week10/bank/spec/unit/statement_spec.rb": [
        1,
        null,
        1,
        null,
        5,
        4,
        3,
        2,
        null,
        1,
        null,
        1,
        1,
        1,
        null,
        null,
        1,
        1,
        1,
        1,
        1,
        null,
        null,
        1,
        1,
        1,
        1,
        1,
        1,
        1,
        null,
        null,
        1,
        1,
        1,
        1,
        1,
        1,
        1,
        1,
        1,
        null,
        null,
        null,
        null
      ]
    },
    "timestamp": 1580213818
  }
}
