{
  "RSpec": {
    "coverage": {
      "/Users/jbero/Projects/Week10/bank/spec/feature/user_can_deposit_and_withdraw_funds_spec.rb": [
        1,
        null,
        1,
        null,
        3,
        null,
        1,
        1,
        null,
        null,
        1,
        1,
        1,
        null,
        null,
        null
      ],
      "/Users/jbero/Projects/Week10/bank/lib/account.rb": [
        1,
        1,
        null,
        1,
        null,
        1,
        7,
        7,
        null,
        null,
        1,
        5,
        5,
        5,
        5,
        null,
        null,
        1,
        2,
        null,
        null,
        1,
        3,
        null,
        null,
        null
      ],
      "/Users/jbero/Projects/Week10/bank/lib/statement.rb": [
        1,
        null,
        1,
        11,
        null,
        null,
        1,
        7,
        14,
        7,
        null,
        null,
        1,
        11,
        null,
        null,
        1,
        null,
        1,
        7,
        5,
        null,
        2,
        null,
        null,
        null,
        null
      ],
      "/Users/jbero/Projects/Week10/bank/lib/transaction.rb": [
        1,
        null,
        1,
        null,
        1,
        5,
        5,
        5,
        5,
        null,
        null,
        null
      ],
      "/Users/jbero/Projects/Week10/bank/spec/feature/user_can_view_account_statement_spec.rb": [
        1,
        1,
        null,
        1,
        null,
        3,
        null,
        1,
        2,
        null,
        null,
        1,
        1,
        1,
        null,
        null,
        1,
        2,
        1,
        1,
        1,
        null,
        1,
        null,
        null,
        null
      ],
      "/Users/jbero/Projects/Week10/bank/spec/unit/account_spec.rb": [
        1,
        null,
        1,
        null,
        4,
        1,
        null,
        1,
        1,
        1,
        null,
        null,
        null,
        1,
        1,
        1,
        1,
        null,
        null,
        null,
        1,
        1,
        1,
        1,
        null,
        null,
        null,
        null
      ],
      "/Users/jbero/Projects/Week10/bank/spec/unit/statement_spec.rb": [
        1,
        null,
        1,
        null,
        5,
        4,
        3,
        2,
        null,
        1,
        null,
        1,
        1,
        1,
        null,
        null,
        1,
        1,
        1,
        1,
        1,
        null,
        null,
        1,
        1,
        1,
        1,
        1,
        1,
        1,
        null,
        null,
        1,
        1,
        1,
        1,
        1,
        1,
        1,
        1,
        1,
        null,
        null,
        null,
        null
      ]
    },
    "timestamp": 1580212743
  }
}
